<?xml version="1.0" encoding="UTF-8"?>
<!-- Generated by org.testng.reporters.JUnitReportReporter -->
<testsuite hostname="Shubham" name="store.HomePage" tests="1" failures="0" timestamp="1 Oct 2020 12:31:42 GMT" time="12.104" errors="0">
  <testcase name="Login" time="12.104" classname="store.HomePage"/>
</testsuite> <!-- store.HomePage -->
