<?xml version="1.0" encoding="UTF-8"?>
<!-- Generated by org.testng.reporters.JUnitReportReporter -->
<testsuite hostname="Shubham" name="store.ValidateTitle" tests="1" failures="0" timestamp="1 Oct 2020 12:31:42 GMT" time="0.020" errors="0">
  <testcase name="validating" time="0.020" classname="store.ValidateTitle"/>
</testsuite> <!-- store.ValidateTitle -->
